<?xml version="1.0" encoding="UTF-8"?>
<!-- Generated by org.testng.reporters.JUnitReportReporter -->
<testsuite skipped="3" hostname="DESKTOP-34V0NQH" name="steps.RunnerFile" tests="6" failures="0" timestamp="2021-01-26T23:48:55 EST" time="59.080" errors="1">
  <testcase name="runScenario" time="8.539" classname="steps.RunnerFile">
    <skipped/>
  </testcase> <!-- runScenario -->
  <testcase name="runScenario" time="11.158" classname="steps.RunnerFile"/>
  <testcase name="runScenario" time="8.876" classname="steps.RunnerFile">
    <skipped/>
  </testcase> <!-- runScenario -->
  <testcase name="runScenario" time="13.242" classname="steps.RunnerFile"/>
  <testcase name="runScenario" time="9.262" classname="steps.RunnerFile">
    <skipped/>
  </testcase> <!-- runScenario -->
  <testcase name="runScenario" time="8.003" classname="steps.RunnerFile">
    <error type="cucumber.runner.AmbiguousStepDefinitionsException" message="&quot;enter username as emon&quot; matches more than one step definition:
  &quot;enter username as (.*)&quot; in LoginTestSteps.enterUsernameAsDemosalesmanager(String)
  &quot;enter username as emon&quot; in LoginTestSteps.enterUsernameAsEmon()
">
      <![CDATA[cucumber.runner.AmbiguousStepDefinitionsException: "enter username as emon" matches more than one step definition:
  "enter username as (.*)" in LoginTestSteps.enterUsernameAsDemosalesmanager(String)
  "enter username as emon" in LoginTestSteps.enterUsernameAsEmon()

at cucumber.runner.Glue.stepDefinitionMatch(Glue.java:92)
at cucumber.runner.Runner.addTestStepsForPickleSteps(Runner.java:73)
at cucumber.runner.Runner.createTestCaseForPickle(Runner.java:63)
at cucumber.runner.Runner.runPickle(Runner.java:48)
at cucumber.api.testng.TestNGCucumberRunner.runScenario(TestNGCucumberRunner.java:57)
at cucumber.api.testng.AbstractTestNGCucumberTests.runScenario(AbstractTestNGCucumberTests.java:22)
at sun.reflect.NativeMethodAccessorImpl.invoke0(Native Method)
at sun.reflect.NativeMethodAccessorImpl.invoke(Unknown Source)
at sun.reflect.DelegatingMethodAccessorImpl.invoke(Unknown Source)
at java.lang.reflect.Method.invoke(Unknown Source)
at org.testng.internal.MethodInvocationHelper.invokeMethod(MethodInvocationHelper.java:133)
at org.testng.internal.TestInvoker.invokeMethod(TestInvoker.java:584)
at org.testng.internal.TestInvoker.invokeTestMethod(TestInvoker.java:172)
at org.testng.internal.MethodRunner.runInSequence(MethodRunner.java:46)
at org.testng.internal.TestInvoker$MethodInvocationAgent.invoke(TestInvoker.java:804)
at org.testng.internal.TestInvoker.invokeTestMethods(TestInvoker.java:145)
at org.testng.internal.TestMethodWorker.invokeTestMethods(TestMethodWorker.java:146)
at org.testng.internal.TestMethodWorker.run(TestMethodWorker.java:128)
at java.util.ArrayList.forEach(Unknown Source)
at org.testng.TestRunner.privateRun(TestRunner.java:770)
at org.testng.TestRunner.run(TestRunner.java:591)
at org.testng.SuiteRunner.runTest(SuiteRunner.java:402)
at org.testng.SuiteRunner.runSequentially(SuiteRunner.java:396)
at org.testng.SuiteRunner.privateRun(SuiteRunner.java:355)
at org.testng.SuiteRunner.run(SuiteRunner.java:304)
at org.testng.SuiteRunnerWorker.runSuite(SuiteRunnerWorker.java:53)
at org.testng.SuiteRunnerWorker.run(SuiteRunnerWorker.java:96)
at org.testng.TestNG.runSuitesSequentially(TestNG.java:1180)
at org.testng.TestNG.runSuitesLocally(TestNG.java:1102)
at org.testng.TestNG.runSuites(TestNG.java:1032)
at org.testng.TestNG.run(TestNG.java:1000)
at org.testng.remote.AbstractRemoteTestNG.run(AbstractRemoteTestNG.java:115)
at org.testng.remote.RemoteTestNG.initAndRun(RemoteTestNG.java:251)
at org.testng.remote.RemoteTestNG.main(RemoteTestNG.java:77)
]]>
    </error>
  </testcase> <!-- runScenario -->
</testsuite> <!-- steps.RunnerFile -->
